2_initial_arttoken.js
=====================

   Deploying 'ArtToken'
   --------------------
   > transaction hash:    0x647f50de8da0704215effdbdf379fcb22bc32a8b406ac388e62aee1f7371df76
   > Blocks: 0            Seconds: 0
   > contract address:    0xc84Cbb1CB2fD1a3100F0bdb0c2fF4d6472Fc2553
   > block number:        30612
   > block timestamp:     1636264324
   > account:             0xf239D99943A137AFf8423DED9E4EB461fc9F875e
   > balance:             0.041102804864675575
   > gas used:            3444157 (0x348dbd)
   > gas price:           0.00001 gwei
   > value sent:          0 ETH
   > total cost:          0.00000003444157 ETH

   Pausing for 2 confirmations...
   ------------------------------
   > confirmation number: 1 (block: 30613)
   > Saving migration to chain.
   > Saving artifacts
   -------------------------------------
   > Total cost:     0.00000003444157 ETH


Summary
=======
> Total deployments:   2
> Final cost:          0.00000003692361 ETH